0 info it worked if it ends with ok
1 verbose cli [ 'node', '/usr/local/bin/npm', 'init' ]
2 info using npm@1.4.3
3 info using node@v0.10.26
4 silly package data undefined
5 info init written successfully
6 error Error: Invalid name: "npm install express logfmt --save"
6 error     at ensureValidName (/usr/local/lib/node_modules/npm/node_modules/read-package-json/node_modules/normalize-package-data/lib/fixer.js:302:15)
6 error     at Object.module.exports.fixNameField (/usr/local/lib/node_modules/npm/node_modules/read-package-json/node_modules/normalize-package-data/lib/fixer.js:206:5)
6 error     at /usr/local/lib/node_modules/npm/node_modules/read-package-json/node_modules/normalize-package-data/lib/normalize.js:29:38
6 error     at Array.forEach (native)
6 error     at normalize (/usr/local/lib/node_modules/npm/node_modules/read-package-json/node_modules/normalize-package-data/lib/normalize.js:28:15)
6 error     at final (/usr/local/lib/node_modules/npm/node_modules/read-package-json/read-json.js:328:33)
6 error     at then (/usr/local/lib/node_modules/npm/node_modules/read-package-json/read-json.js:126:33)
6 error     at gypfile_ (/usr/local/lib/node_modules/npm/node_modules/read-package-json/read-json.js:158:43)
6 error     at /usr/local/lib/node_modules/npm/node_modules/read-package-json/read-json.js:153:33
6 error     at Glob.<anonymous> (/usr/local/lib/node_modules/npm/node_modules/glob/glob.js:95:7)
7 error If you need help, you may report this *entire* log,
7 error including the npm and node versions, at:
7 error     <http://github.com/npm/npm/issues>
8 error System Darwin 12.5.0
9 error command "node" "/usr/local/bin/npm" "init"
10 error cwd /Users/JoyLi/Documents/ITP/DWD_server/express_restaurants
11 error node -v v0.10.26
12 error npm -v 1.4.3
13 verbose exit [ 1, true ]
